<?xml version="1.0" encoding="UTF-8"?>
<testsuite name="Test Apply Leave"
           tests="4"
           failures="0"
           errors="0"
           skipped="4"
           time="0.000">
  <properties />
  
            <testcase name="checkTestSkip" time="0.0" classname="com.testproject.suiteB.ApplyLeave">
          <skipped />
    </testcase>
            <testcase name="AfterTest" time="0.0" classname="com.testproject.suiteB.ApplyLeave">
          <skipped />
    </testcase>
            <testcase name="SuiteExecution" time="0.0" classname="com.testproject.suiteB.ApplyLeave">
          <skipped />
    </testcase>
            <testcase name="LeaveRequest" time="0.0" classname="com.testproject.suiteB.ApplyLeave">
          <skipped />
    </testcase>
  
  
</testsuite>
