<?xml version="1.0" encoding="UTF-8"?>
<!-- Generated by org.testng.reporters.JUnitXMLReporter -->
<testsuite hostname="ARUNKARTHIKEYAN" name="Test InvalidLogin" tests="3" failures="0" timestamp="14 May 2017 05:16:08 GMT" time="2.384" errors="0">
  <testcase name="InvalidLoginOrion" time="0.011" classname="com.testproject.suiteA.InvalidLogin">
    <skipped/>
  </testcase> <!-- InvalidLoginOrion -->
  <testcase name="InvalidLoginOrion" time="0.001" classname="com.testproject.suiteA.InvalidLogin">
    <skipped/>
  </testcase> <!-- InvalidLoginOrion -->
  <testcase name="InvalidLoginOrion" time="0.001" classname="com.testproject.suiteA.InvalidLogin">
    <skipped/>
  </testcase> <!-- InvalidLoginOrion -->
</testsuite> <!-- Test InvalidLogin -->
