<?xml version="1.0" encoding="UTF-8"?>
<!-- Generated by org.testng.reporters.JUnitXMLReporter -->
<testsuite hostname="ARUNKARTHIKEYAN" name="Test Apply Leave" tests="1" failures="0" timestamp="13 May 2017 14:51:46 GMT" time="0.031" errors="0">
  <testcase name="@BeforeTest checkTestSkip" time="0.0" classname="com.testproject.suiteB.ApplyLeave">
    <skipped/>
  </testcase> <!-- @BeforeTest checkTestSkip -->
  <testcase name="@AfterTest AfterTest" time="0.0" classname="com.testproject.suiteB.ApplyLeave">
    <skipped/>
  </testcase> <!-- @AfterTest AfterTest -->
  <testcase name="LeaveRequest" time="0.0" classname="com.testproject.suiteB.ApplyLeave">
    <skipped/>
  </testcase> <!-- LeaveRequest -->
</testsuite> <!-- Test Apply Leave -->
