<?xml version="1.0" encoding="UTF-8"?>
<testng-results skipped="0" failed="0" total="1" passed="1">
  <reporter-output>
  </reporter-output>
  <suite name="Default suite" duration-ms="25506" started-at="2017-05-14T07:05:04Z" finished-at="2017-05-14T07:05:29Z">
    <groups>
    </groups>
    <test name="Default test" duration-ms="25506" started-at="2017-05-14T07:05:04Z" finished-at="2017-05-14T07:05:29Z">
      <class name="test.Testsample">
        <test-method status="PASS" signature="one()[pri:0, instance:test.Testsample@71be98f5]" name="one" duration-ms="25484" started-at="2017-05-14T12:35:04Z" finished-at="2017-05-14T12:35:29Z">
          <reporter-output>
          </reporter-output>
        </test-method> <!-- one -->
      </class> <!-- test.Testsample -->
    </test> <!-- Default test -->
  </suite> <!-- Default suite -->
</testng-results>
