<?xml version="1.0" encoding="UTF-8"?>
<!-- Generated by org.testng.reporters.JUnitXMLReporter -->
<testsuite hostname="ARUNKARTHIKEYAN" name="Test - LoginOrion" tests="2" failures="0" timestamp="14 May 2017 05:19:35 GMT" time="0.488" errors="0">
  <testcase name="LoginOrionTest" time="0.001" classname="com.testproject.suiteA.LoginOrion">
    <skipped/>
  </testcase> <!-- LoginOrionTest -->
  <testcase name="LoginOrionTest" time="0.001" classname="com.testproject.suiteA.LoginOrion">
    <skipped/>
  </testcase> <!-- LoginOrionTest -->
</testsuite> <!-- Test - LoginOrion -->
